  [4;36;1mSQL (0.6ms)[0m   [0;1m SELECT name
 FROM sqlite_master
 WHERE type = 'table' AND NOT name = 'sqlite_sequence'
[0m
  [4;35;1mSQL (0.3ms)[0m   [0mselect sqlite_version(*)[0m
  [4;36;1mSQL (95.3ms)[0m   [0;1mCREATE TABLE "schema_migrations" ("version" varchar(255) NOT NULL) [0m
  [4;35;1mSQL (135.2ms)[0m   [0mCREATE UNIQUE INDEX "unique_schema_migrations" ON "schema_migrations" ("version")[0m
  [4;36;1mSQL (0.7ms)[0m   [0;1m SELECT name
 FROM sqlite_master
 WHERE type = 'table' AND NOT name = 'sqlite_sequence'
[0m
  [4;35;1mSQL (0.4ms)[0m   [0mSELECT version FROM schema_migrations[0m
Migrating to CreateDisctypes (1)
  [4;36;1mSQL (1.2ms)[0m   [0;1mCREATE TABLE "disctypes" ("id" INTEGER PRIMARY KEY AUTOINCREMENT NOT NULL, "name" varchar(255), "created_at" datetime, "updated_at" datetime) [0m
  [4;35;1mSQL (0.3ms)[0m   [0mINSERT INTO schema_migrations (version) VALUES ('1')[0m
  [4;36;1mSQL (0.6ms)[0m   [0;1m SELECT name
 FROM sqlite_master
 WHERE type = 'table' AND NOT name = 'sqlite_sequence'
[0m
  [4;35;1mSQL (0.3ms)[0m   [0mSELECT version FROM schema_migrations[0m
  [4;36;1mSQL (0.3ms)[0m   [0;1m SELECT name
 FROM sqlite_master
 WHERE type = 'table' AND NOT name = 'sqlite_sequence'
[0m
  [4;35;1mSQL (0.1ms)[0m   [0mPRAGMA index_list("disctypes")[0m
  [4;36;1mSQL (0.8ms)[0m   [0;1m SELECT name
 FROM sqlite_master
 WHERE type = 'table' AND NOT name = 'sqlite_sequence'
[0m
  [4;35;1mSQL (0.4ms)[0m   [0mSELECT version FROM schema_migrations[0m
Migrating to CreateContenttypes (2)
  [4;36;1mSQL (0.2ms)[0m   [0;1mselect sqlite_version(*)[0m
  [4;35;1mSQL (0.8ms)[0m   [0mCREATE TABLE "contenttypes" ("id" INTEGER PRIMARY KEY AUTOINCREMENT NOT NULL, "name" varchar(255), "created_at" datetime, "updated_at" datetime) [0m
  [4;36;1mSQL (0.2ms)[0m   [0;1mINSERT INTO schema_migrations (version) VALUES ('2')[0m
Migrating to CreateGamecategories (3)
  [4;35;1mSQL (0.6ms)[0m   [0mCREATE TABLE "gamecategories" ("id" INTEGER PRIMARY KEY AUTOINCREMENT NOT NULL, "name" varchar(255), "shortname" varchar(255), "created_at" datetime, "updated_at" datetime) [0m
  [4;36;1mSQL (0.2ms)[0m   [0;1mINSERT INTO schema_migrations (version) VALUES ('3')[0m
Migrating to CreateMediatypes (4)
  [4;35;1mSQL (1.1ms)[0m   [0mCREATE TABLE "mediatypes" ("id" INTEGER PRIMARY KEY AUTOINCREMENT NOT NULL, "name" varchar(255), "shortname" varchar(255), "description" varchar(255), "created_at" datetime, "updated_at" datetime) [0m
  [4;36;1mSQL (0.4ms)[0m   [0;1mINSERT INTO schema_migrations (version) VALUES ('4')[0m
Migrating to CreateContainers (5)
  [4;35;1mSQL (1.1ms)[0m   [0mCREATE TABLE "containers" ("id" INTEGER PRIMARY KEY AUTOINCREMENT NOT NULL, "label" varchar(255), "mediatype_id" integer, "containertype_id" integer, "comment" text, "created_at" datetime, "updated_at" datetime) [0m
  [4;36;1mSQL (0.4ms)[0m   [0;1mINSERT INTO schema_migrations (version) VALUES ('5')[0m
Migrating to CreateContents (6)
  [4;35;1mSQL (1.1ms)[0m   [0mCREATE TABLE "contents" ("id" INTEGER PRIMARY KEY AUTOINCREMENT NOT NULL, "title" varchar(255), "gametype_id" integer, "content_data" text, "contenttype_id" integer, "comment" text, "created_at" datetime, "updated_at" datetime) [0m
  [4;36;1mSQL (0.7ms)[0m   [0;1mINSERT INTO schema_migrations (version) VALUES ('6')[0m
  [4;35;1mSQL (0.7ms)[0m   [0m SELECT name
 FROM sqlite_master
 WHERE type = 'table' AND NOT name = 'sqlite_sequence'
[0m
  [4;36;1mSQL (0.5ms)[0m   [0;1mSELECT version FROM schema_migrations[0m
  [4;35;1mSQL (0.5ms)[0m   [0m SELECT name
 FROM sqlite_master
 WHERE type = 'table' AND NOT name = 'sqlite_sequence'
[0m
  [4;36;1mSQL (0.1ms)[0m   [0;1mPRAGMA index_list("containers")[0m
  [4;35;1mSQL (0.1ms)[0m   [0mPRAGMA index_list("contents")[0m
  [4;36;1mSQL (0.1ms)[0m   [0;1mPRAGMA index_list("contenttypes")[0m
  [4;35;1mSQL (0.1ms)[0m   [0mPRAGMA index_list("disctypes")[0m
  [4;36;1mSQL (0.1ms)[0m   [0;1mPRAGMA index_list("gamecategories")[0m
  [4;35;1mSQL (0.1ms)[0m   [0mPRAGMA index_list("mediatypes")[0m
  [4;36;1mSQL (1.2ms)[0m   [0;1m SELECT name
 FROM sqlite_master
 WHERE type = 'table' AND NOT name = 'sqlite_sequence'
[0m
  [4;35;1mSQL (0.6ms)[0m   [0mSELECT version FROM schema_migrations[0m
Migrating to CreateContenttypes (2)
Migrating to CreateGamecategories (3)
Migrating to CreateMediatypes (4)
Migrating to CreateContainers (5)
Migrating to CreateContents (6)
Migrating to AddGivenFieldsToContainer (7)
  [4;36;1mSQL (0.2ms)[0m   [0;1mselect sqlite_version(*)[0m
  [4;35;1mSQL (1.0ms)[0m   [0mALTER TABLE "containers" ADD "given" boolean[0m
  [4;36;1mSQL (0.4ms)[0m   [0;1mALTER TABLE "containers" ADD "gave_to" varchar(255)[0m
  [4;35;1mSQL (0.5ms)[0m   [0mALTER TABLE "containers" ADD "given_on" datetime[0m
  [4;36;1mSQL (0.3ms)[0m   [0;1mINSERT INTO schema_migrations (version) VALUES ('7')[0m
  [4;35;1mSQL (0.7ms)[0m   [0m SELECT name
 FROM sqlite_master
 WHERE type = 'table' AND NOT name = 'sqlite_sequence'
[0m
  [4;36;1mSQL (0.5ms)[0m   [0;1mSELECT version FROM schema_migrations[0m
  [4;35;1mSQL (0.5ms)[0m   [0m SELECT name
 FROM sqlite_master
 WHERE type = 'table' AND NOT name = 'sqlite_sequence'
[0m
  [4;36;1mSQL (0.1ms)[0m   [0;1mPRAGMA index_list("containers")[0m
  [4;35;1mSQL (0.1ms)[0m   [0mPRAGMA index_list("contents")[0m
  [4;36;1mSQL (0.1ms)[0m   [0;1mPRAGMA index_list("contenttypes")[0m
  [4;35;1mSQL (0.1ms)[0m   [0mPRAGMA index_list("disctypes")[0m
  [4;36;1mSQL (0.1ms)[0m   [0;1mPRAGMA index_list("gamecategories")[0m
  [4;35;1mSQL (0.1ms)[0m   [0mPRAGMA index_list("mediatypes")[0m


Processing ApplicationController#index (for 127.0.0.1 at 2010-02-14 02:04:37) [GET]

ActionController::RoutingError (No route matches "/container" with {:method=>:get}):
  /usr/lib/ruby/1.8/webrick/httpserver.rb:104:in `service'
  /usr/lib/ruby/1.8/webrick/httpserver.rb:65:in `run'
  /usr/lib/ruby/1.8/webrick/server.rb:173:in `start_thread'
  /usr/lib/ruby/1.8/webrick/server.rb:162:in `start'
  /usr/lib/ruby/1.8/webrick/server.rb:162:in `start_thread'
  /usr/lib/ruby/1.8/webrick/server.rb:95:in `start'
  /usr/lib/ruby/1.8/webrick/server.rb:92:in `each'
  /usr/lib/ruby/1.8/webrick/server.rb:92:in `start'
  /usr/lib/ruby/1.8/webrick/server.rb:23:in `start'
  /usr/lib/ruby/1.8/webrick/server.rb:82:in `start'

Rendering rescues/layout (not_found)


Processing ContainersController#index (for 127.0.0.1 at 2010-02-14 02:04:41) [GET]
  [4;36;1mContainer Load (0.9ms)[0m   [0;1mSELECT * FROM "containers" [0m
Rendering template within layouts/containers
Rendering containers/index
Completed in 121ms (View: 62, DB: 1) | 200 OK [http://localhost/containers]


Processing ContainersController#new (for 127.0.0.1 at 2010-02-14 02:04:45) [GET]
Rendering template within layouts/containers
Rendering containers/new
Completed in 30ms (View: 19, DB: 0) | 200 OK [http://localhost/containers/new]


Processing ContainersController#new (for 127.0.0.1 at 2010-02-14 02:05:07) [GET]
Rendering template within layouts/containers
Rendering containers/new
  [4;35;1mMediatype Load (0.3ms)[0m   [0mSELECT * FROM "mediatypes" [0m

ActionView::TemplateError (uninitialized constant ActionView::Base::CompiledTemplates::Containertype) on line #16 of app/views/containers/new.html.erb:
13:   </p>
14:   <p>
15:     <%= f.label :containertype_id %><br />
16:     <%= collection_select @container, :containertype_id, Containertype.all, :id, :shortname %>
17:   </p>
18:   <p>
19:     <%= f.label :comment %><br />

    app/views/containers/new.html.erb:16
    app/views/containers/new.html.erb:3
    app/controllers/containers_controller.rb:29:in `new'
    /usr/lib/ruby/1.8/webrick/httpserver.rb:104:in `service'
    /usr/lib/ruby/1.8/webrick/httpserver.rb:65:in `run'
    /usr/lib/ruby/1.8/webrick/server.rb:173:in `start_thread'
    /usr/lib/ruby/1.8/webrick/server.rb:162:in `start'
    /usr/lib/ruby/1.8/webrick/server.rb:162:in `start_thread'
    /usr/lib/ruby/1.8/webrick/server.rb:95:in `start'
    /usr/lib/ruby/1.8/webrick/server.rb:92:in `each'
    /usr/lib/ruby/1.8/webrick/server.rb:92:in `start'
    /usr/lib/ruby/1.8/webrick/server.rb:23:in `start'
    /usr/lib/ruby/1.8/webrick/server.rb:82:in `start'

Rendered rescues/_trace (171.2ms)
Rendered rescues/_request_and_response (2.0ms)
Rendering rescues/layout (internal_server_error)
  [4;36;1mSQL (1.2ms)[0m   [0;1m SELECT name
 FROM sqlite_master
 WHERE type = 'table' AND NOT name = 'sqlite_sequence'
[0m
  [4;35;1mSQL (0.6ms)[0m   [0mSELECT version FROM schema_migrations[0m
Migrating to CreateContenttypes (2)
Migrating to CreateGamecategories (3)
Migrating to CreateMediatypes (4)
Migrating to CreateContainers (5)
Migrating to CreateContents (6)
Migrating to AddGivenFieldsToContainer (7)
Migrating to CreateContainertypes (8)
  [4;36;1mSQL (0.2ms)[0m   [0;1mselect sqlite_version(*)[0m
  [4;35;1mSQL (1.0ms)[0m   [0mCREATE TABLE "containertypes" ("id" INTEGER PRIMARY KEY AUTOINCREMENT NOT NULL, "name" varchar(255), "shortname" varchar(255), "created_at" datetime, "updated_at" datetime) [0m
  [4;36;1mSQL (0.3ms)[0m   [0;1mINSERT INTO schema_migrations (version) VALUES ('8')[0m
  [4;35;1mSQL (0.8ms)[0m   [0m SELECT name
 FROM sqlite_master
 WHERE type = 'table' AND NOT name = 'sqlite_sequence'
[0m
  [4;36;1mSQL (0.6ms)[0m   [0;1mSELECT version FROM schema_migrations[0m
  [4;35;1mSQL (0.7ms)[0m   [0m SELECT name
 FROM sqlite_master
 WHERE type = 'table' AND NOT name = 'sqlite_sequence'
[0m
  [4;36;1mSQL (0.1ms)[0m   [0;1mPRAGMA index_list("containers")[0m
  [4;35;1mSQL (0.1ms)[0m   [0mPRAGMA index_list("containertypes")[0m
  [4;36;1mSQL (0.1ms)[0m   [0;1mPRAGMA index_list("contents")[0m
  [4;35;1mSQL (0.1ms)[0m   [0mPRAGMA index_list("contenttypes")[0m
  [4;36;1mSQL (0.1ms)[0m   [0;1mPRAGMA index_list("disctypes")[0m
  [4;35;1mSQL (0.1ms)[0m   [0mPRAGMA index_list("gamecategories")[0m
  [4;36;1mSQL (0.1ms)[0m   [0;1mPRAGMA index_list("mediatypes")[0m


Processing ContainersController#new (for 127.0.0.1 at 2010-02-14 02:07:00) [GET]
Rendering template within layouts/containers
Rendering containers/new
  [4;36;1mMediatype Load (0.3ms)[0m   [0;1mSELECT * FROM "mediatypes" [0m
  [4;35;1mContainertype Load (0.4ms)[0m   [0mSELECT * FROM "containertypes" [0m
Completed in 38ms (View: 27, DB: 1) | 200 OK [http://localhost/containers/new]


Processing ContainersController#new (for 127.0.0.1 at 2010-02-14 02:08:47) [GET]
Rendering template within layouts/containers
Rendering containers/new
  [4;36;1mMediatype Load (0.3ms)[0m   [0;1mSELECT * FROM "mediatypes" [0m
  [4;35;1mContainertype Load (0.3ms)[0m   [0mSELECT * FROM "containertypes" [0m
Completed in 39ms (View: 26, DB: 1) | 200 OK [http://localhost/containers/new]


Processing ContainersController#new (for 127.0.0.1 at 2010-02-14 02:09:54) [GET]
Rendering template within layouts/containers
Rendering containers/new
  [4;36;1mContainer Load (0.3ms)[0m   [0;1mSELECT * FROM "containers" [0m
  [4;35;1mMediatype Load (0.3ms)[0m   [0mSELECT * FROM "mediatypes" [0m
  [4;36;1mContainertype Load (0.3ms)[0m   [0;1mSELECT * FROM "containertypes" [0m
Completed in 138ms (View: 30, DB: 1) | 200 OK [http://localhost/containers/new]


Processing ContainersController#create (for 127.0.0.1 at 2010-02-14 02:10:12) [POST]
  Parameters: {"commit"=>"Create", "container"=>{"comment"=>"123", "label"=>"asd"}, "authenticity_token"=>"18l4XUAHOeuwUYBf9apqecLSHxTfjcstdRr3AiIdg5c="}
  [4;35;1mContainer Create (0.7ms)[0m   [0mINSERT INTO "containers" ("label", "containertype_id", "comment", "created_at", "updated_at", "given_on", "mediatype_id", "gave_to", "given") VALUES('asd', NULL, '123', '2010-02-14 05:10:12', '2010-02-14 05:10:12', NULL, NULL, NULL, NULL)[0m
Redirected to http://localhost:3000/containers/1
Completed in 99ms (DB: 1) | 302 Found [http://localhost/containers]


Processing ContainersController#show (for 127.0.0.1 at 2010-02-14 02:10:12) [GET]
  Parameters: {"id"=>"1"}
  [4;36;1mContainer Load (0.6ms)[0m   [0;1mSELECT * FROM "containers" WHERE ("containers"."id" = 1) [0m
Rendering template within layouts/containers
Rendering containers/show
Completed in 24ms (View: 11, DB: 1) | 200 OK [http://localhost/containers/1]


Processing ContainersController#index (for 127.0.0.1 at 2010-02-14 02:10:16) [GET]
  [4;35;1mContainer Load (1.1ms)[0m   [0mSELECT * FROM "containers" [0m
Rendering template within layouts/containers
Rendering containers/index
Completed in 25ms (View: 15, DB: 1) | 200 OK [http://localhost/containers]


Processing ContainersController#new (for 127.0.0.1 at 2010-02-14 02:10:19) [GET]
Rendering template within layouts/containers
Rendering containers/new
  [4;36;1mContainer Load (0.6ms)[0m   [0;1mSELECT * FROM "containers" [0m

ActionView::TemplateError (uninitialized constant ActionView::Base::CompiledTemplates::Contaner) on line #3 of app/views/containers/new.html.erb:
1: <h1>New container</h1>
2: 
3: <p>Container # <%= Container.all.empty? ? '1' : Contaner.last.id + 1 %>
4: 
5: <% form_for(@container) do |f| %>
6:   <%= f.error_messages %>

    app/views/containers/new.html.erb:3
    app/controllers/containers_controller.rb:29:in `new'
    /usr/lib/ruby/1.8/webrick/httpserver.rb:104:in `service'
    /usr/lib/ruby/1.8/webrick/httpserver.rb:65:in `run'
    /usr/lib/ruby/1.8/webrick/server.rb:173:in `start_thread'
    /usr/lib/ruby/1.8/webrick/server.rb:162:in `start'
    /usr/lib/ruby/1.8/webrick/server.rb:162:in `start_thread'
    /usr/lib/ruby/1.8/webrick/server.rb:95:in `start'
    /usr/lib/ruby/1.8/webrick/server.rb:92:in `each'
    /usr/lib/ruby/1.8/webrick/server.rb:92:in `start'
    /usr/lib/ruby/1.8/webrick/server.rb:23:in `start'
    /usr/lib/ruby/1.8/webrick/server.rb:82:in `start'

Rendered rescues/_trace (143.0ms)
Rendered rescues/_request_and_response (0.8ms)
Rendering rescues/layout (internal_server_error)


Processing ContainersController#new (for 127.0.0.1 at 2010-02-14 02:10:32) [GET]
Rendering template within layouts/containers
Rendering containers/new
  [4;35;1mContainer Load (0.6ms)[0m   [0mSELECT * FROM "containers" [0m
  [4;36;1mContainer Load (0.6ms)[0m   [0;1mSELECT * FROM "containers" ORDER BY containers.id DESC LIMIT 1[0m
  [4;35;1mMediatype Load (0.4ms)[0m   [0mSELECT * FROM "mediatypes" [0m
  [4;36;1mContainertype Load (0.3ms)[0m   [0;1mSELECT * FROM "containertypes" [0m
Completed in 42ms (View: 29, DB: 2) | 200 OK [http://localhost/containers/new]


Processing ContainersController#create (for 127.0.0.1 at 2010-02-14 02:11:22) [POST]
  Parameters: {"commit"=>"Create", "container"=>{"comment"=>"234", "label"=>"234"}, "authenticity_token"=>"18l4XUAHOeuwUYBf9apqecLSHxTfjcstdRr3AiIdg5c="}
  [4;35;1mContainer Create (0.5ms)[0m   [0mINSERT INTO "containers" ("label", "containertype_id", "comment", "created_at", "updated_at", "given_on", "mediatype_id", "gave_to", "given") VALUES('234', NULL, '234', '2010-02-14 05:11:22', '2010-02-14 05:11:22', NULL, NULL, NULL, NULL)[0m
Redirected to http://localhost:3000/containers/2
Completed in 89ms (DB: 1) | 302 Found [http://localhost/containers]


Processing ContainersController#show (for 127.0.0.1 at 2010-02-14 02:11:22) [GET]
  Parameters: {"id"=>"2"}
  [4;36;1mContainer Load (0.6ms)[0m   [0;1mSELECT * FROM "containers" WHERE ("containers"."id" = 2) [0m
Rendering template within layouts/containers
Rendering containers/show
Completed in 23ms (View: 11, DB: 1) | 200 OK [http://localhost/containers/2]


Processing ContainersController#index (for 127.0.0.1 at 2010-02-14 02:11:28) [GET]
  [4;35;1mContainer Load (1.1ms)[0m   [0mSELECT * FROM "containers" [0m
Rendering template within layouts/containers
Rendering containers/index
Completed in 28ms (View: 18, DB: 1) | 200 OK [http://localhost/containers]


Processing ContainersController#show (for 127.0.0.1 at 2010-02-14 02:11:30) [GET]
  Parameters: {"id"=>"1"}
  [4;36;1mContainer Load (0.7ms)[0m   [0;1mSELECT * FROM "containers" WHERE ("containers"."id" = 1) [0m
Rendering template within layouts/containers
Rendering containers/show
Completed in 20ms (View: 6, DB: 1) | 200 OK [http://localhost/containers/1]


Processing ContainersController#index (for 127.0.0.1 at 2010-02-14 02:11:33) [GET]
  [4;35;1mContainer Load (1.2ms)[0m   [0mSELECT * FROM "containers" [0m
Rendering template within layouts/containers
Rendering containers/index
Completed in 31ms (View: 19, DB: 1) | 200 OK [http://localhost/containers]
  [4;36;1mContainer Load (1.6ms)[0m   [0;1mSELECT * FROM "containers" [0m


Processing ContainersController#destroy (for 127.0.0.1 at 2010-02-14 02:12:28) [DELETE]
  Parameters: {"authenticity_token"=>"18l4XUAHOeuwUYBf9apqecLSHxTfjcstdRr3AiIdg5c=", "id"=>"1"}
  [4;36;1mContainer Load (0.5ms)[0m   [0;1mSELECT * FROM "containers" WHERE ("containers"."id" = 1) [0m
  [4;35;1mContainer Destroy (0.7ms)[0m   [0mDELETE FROM "containers" WHERE "id" = 1[0m
Redirected to http://localhost:3000/containers
Completed in 95ms (DB: 1) | 302 Found [http://localhost/containers/1]


Processing ContainersController#index (for 127.0.0.1 at 2010-02-14 02:12:28) [GET]
  [4;36;1mContainer Load (1.0ms)[0m   [0;1mSELECT * FROM "containers" [0m
Rendering template within layouts/containers
Rendering containers/index
Completed in 23ms (View: 13, DB: 1) | 200 OK [http://localhost/containers]


Processing ContainersController#new (for 127.0.0.1 at 2010-02-14 02:12:37) [GET]
Rendering template within layouts/containers
Rendering containers/new
  [4;35;1mContainer Load (0.6ms)[0m   [0mSELECT * FROM "containers" [0m
  [4;36;1mContainer Load (0.6ms)[0m   [0;1mSELECT * FROM "containers" ORDER BY containers.id DESC LIMIT 1[0m
  [4;35;1mMediatype Load (0.4ms)[0m   [0mSELECT * FROM "mediatypes" [0m
  [4;36;1mContainertype Load (0.3ms)[0m   [0;1mSELECT * FROM "containertypes" [0m
Completed in 35ms (View: 23, DB: 2) | 200 OK [http://localhost/containers/new]


Processing ContainersController#create (for 127.0.0.1 at 2010-02-14 02:12:44) [POST]
  Parameters: {"commit"=>"Create", "container"=>{"comment"=>"234", "label"=>"234"}, "authenticity_token"=>"18l4XUAHOeuwUYBf9apqecLSHxTfjcstdRr3AiIdg5c="}
  [4;35;1mContainer Create (0.6ms)[0m   [0mINSERT INTO "containers" ("label", "containertype_id", "comment", "created_at", "updated_at", "given_on", "mediatype_id", "gave_to", "given") VALUES('234', NULL, '234', '2010-02-14 05:12:44', '2010-02-14 05:12:44', NULL, NULL, NULL, NULL)[0m
Redirected to http://localhost:3000/containers/3
Completed in 75ms (DB: 1) | 302 Found [http://localhost/containers]


Processing ContainersController#show (for 127.0.0.1 at 2010-02-14 02:12:44) [GET]
  Parameters: {"id"=>"3"}
  [4;36;1mContainer Load (0.5ms)[0m   [0;1mSELECT * FROM "containers" WHERE ("containers"."id" = 3) [0m
Rendering template within layouts/containers
Rendering containers/show
Completed in 102ms (View: 90, DB: 1) | 200 OK [http://localhost/containers/3]


Processing ContainersController#index (for 127.0.0.1 at 2010-02-14 02:12:45) [GET]
  [4;35;1mContainer Load (1.3ms)[0m   [0mSELECT * FROM "containers" [0m
Rendering template within layouts/containers
Rendering containers/index
Completed in 32ms (View: 21, DB: 1) | 200 OK [http://localhost/containers]


Processing ContainersController#show (for 127.0.0.1 at 2010-02-14 02:12:47) [GET]
  Parameters: {"id"=>"3"}
  [4;36;1mContainer Load (0.5ms)[0m   [0;1mSELECT * FROM "containers" WHERE ("containers"."id" = 3) [0m
Rendering template within layouts/containers
Rendering containers/show
Completed in 18ms (View: 5, DB: 1) | 200 OK [http://localhost/containers/3]


Processing ContainersController#index (for 127.0.0.1 at 2010-02-14 02:12:48) [GET]
  [4;35;1mContainer Load (1.2ms)[0m   [0mSELECT * FROM "containers" [0m
Rendering template within layouts/containers
Rendering containers/index
Completed in 34ms (View: 24, DB: 1) | 200 OK [http://localhost/containers]


Processing ContainersController#destroy (for 127.0.0.1 at 2010-02-14 02:12:55) [DELETE]
  Parameters: {"authenticity_token"=>"18l4XUAHOeuwUYBf9apqecLSHxTfjcstdRr3AiIdg5c=", "id"=>"3"}
  [4;36;1mContainer Load (0.6ms)[0m   [0;1mSELECT * FROM "containers" WHERE ("containers"."id" = 3) [0m
  [4;35;1mContainer Destroy (0.4ms)[0m   [0mDELETE FROM "containers" WHERE "id" = 3[0m
Redirected to http://localhost:3000/containers
Completed in 79ms (DB: 1) | 302 Found [http://localhost/containers/3]


Processing ContainersController#index (for 127.0.0.1 at 2010-02-14 02:12:55) [GET]
  [4;36;1mContainer Load (1.1ms)[0m   [0;1mSELECT * FROM "containers" [0m
Rendering template within layouts/containers
Rendering containers/index
Completed in 22ms (View: 13, DB: 1) | 200 OK [http://localhost/containers]


Processing ContainersController#new (for 127.0.0.1 at 2010-02-14 02:12:57) [GET]
Rendering template within layouts/containers
Rendering containers/new
  [4;35;1mContainer Load (0.8ms)[0m   [0mSELECT * FROM "containers" [0m
  [4;36;1mContainer Load (2.9ms)[0m   [0;1mSELECT * FROM "containers" ORDER BY containers.id DESC LIMIT 1[0m
  [4;35;1mMediatype Load (0.3ms)[0m   [0mSELECT * FROM "mediatypes" [0m
  [4;36;1mContainertype Load (0.3ms)[0m   [0;1mSELECT * FROM "containertypes" [0m
Completed in 39ms (View: 24, DB: 4) | 200 OK [http://localhost/containers/new]


Processing ContainersController#create (for 127.0.0.1 at 2010-02-14 02:13:01) [POST]
  Parameters: {"commit"=>"Create", "container"=>{"comment"=>"qweqe", "label"=>"qweqwe"}, "authenticity_token"=>"18l4XUAHOeuwUYBf9apqecLSHxTfjcstdRr3AiIdg5c="}
  [4;35;1mContainer Create (0.6ms)[0m   [0mINSERT INTO "containers" ("label", "containertype_id", "comment", "created_at", "updated_at", "given_on", "mediatype_id", "gave_to", "given") VALUES('qweqwe', NULL, 'qweqe', '2010-02-14 05:13:01', '2010-02-14 05:13:01', NULL, NULL, NULL, NULL)[0m
Redirected to http://localhost:3000/containers/4
Completed in 78ms (DB: 1) | 302 Found [http://localhost/containers]


Processing ContainersController#show (for 127.0.0.1 at 2010-02-14 02:13:01) [GET]
  Parameters: {"id"=>"4"}
  [4;36;1mContainer Load (0.6ms)[0m   [0;1mSELECT * FROM "containers" WHERE ("containers"."id" = 4) [0m
Rendering template within layouts/containers
Rendering containers/show
Completed in 18ms (View: 5, DB: 1) | 200 OK [http://localhost/containers/4]


Processing ContainersController#index (for 127.0.0.1 at 2010-02-14 02:29:32) [GET]
  [4;35;1mContainer Load (1.3ms)[0m   [0mSELECT * FROM "containers" [0m
Rendering template within layouts/containers
Rendering containers/index
Completed in 29ms (View: 19, DB: 1) | 200 OK [http://localhost/containers]


Processing ContainersController#new (for 127.0.0.1 at 2010-02-14 02:29:33) [GET]
Rendering template within layouts/containers
Rendering containers/new
  [4;36;1mContainer Load (0.8ms)[0m   [0;1mSELECT * FROM "containers" [0m

ActionView::TemplateError (uninitialized class variable @@identity in ActionView::Base::CompiledTemplates) on line #3 of app/views/containers/new.html.erb:
1: <h1>New container</h1>
2: 
3: <p>Container # <%= Container.all.empty? ? '1' : @@identity %>
4: 
5: <% form_for(@container) do |f| %>
6:   <%= f.error_messages %>

    app/views/containers/new.html.erb:3
    app/controllers/containers_controller.rb:29:in `new'
    /usr/lib/ruby/1.8/webrick/httpserver.rb:104:in `service'
    /usr/lib/ruby/1.8/webrick/httpserver.rb:65:in `run'
    /usr/lib/ruby/1.8/webrick/server.rb:173:in `start_thread'
    /usr/lib/ruby/1.8/webrick/server.rb:162:in `start'
    /usr/lib/ruby/1.8/webrick/server.rb:162:in `start_thread'
    /usr/lib/ruby/1.8/webrick/server.rb:95:in `start'
    /usr/lib/ruby/1.8/webrick/server.rb:92:in `each'
    /usr/lib/ruby/1.8/webrick/server.rb:92:in `start'
    /usr/lib/ruby/1.8/webrick/server.rb:23:in `start'
    /usr/lib/ruby/1.8/webrick/server.rb:82:in `start'

Rendered rescues/_trace (51.7ms)
Rendered rescues/_request_and_response (87.3ms)
Rendering rescues/layout (internal_server_error)
  [4;36;1mSQL (1.3ms)[0m   [0;1m SELECT name
 FROM sqlite_master
 WHERE type = 'table' AND NOT name = 'sqlite_sequence'
[0m
  [4;35;1mSQL (1.3ms)[0m   [0m SELECT name
 FROM sqlite_master
 WHERE type = 'table' AND NOT name = 'sqlite_sequence'
[0m
  [4;36;1mSQL (0.8ms)[0m   [0;1m SELECT name
 FROM sqlite_master
 WHERE type = 'table' AND NOT name = 'sqlite_sequence'
[0m
  [4;35;1mSQL (0.9ms)[0m   [0m SELECT name
 FROM sqlite_master
 WHERE type = 'table' AND NOT name = 'sqlite_sequence'
[0m
  [4;36;1mContainer Load (0.0ms)[0m   [0;1mSQLite3::SQLException: no such function: currval: SELECT currval('tablename_sequence_id');[0m
  [4;35;1mContainer Load (0.0ms)[0m   [0mSQLite3::SQLException: no such function: LAST_INSERT_ID: SELECT LAST_INSERT_ID() FROM containers;[0m
  [4;36;1mContainer Load (0.0ms)[0m   [0;1mSQLite3::SQLException: no such function: LAST_ID: SELECT LAST_ID() FROM containers;[0m
  [4;35;1mContainer Load (0.0ms)[0m   [0mSQLite3::SQLException: no such column: containers: SELECT LAST_ID(containers) FROM containers;[0m
